running egg_info
creating ../../build/dummy_controller/dummy_controller.egg-info
writing ../../build/dummy_controller/dummy_controller.egg-info/PKG-INFO
writing dependency_links to ../../build/dummy_controller/dummy_controller.egg-info/dependency_links.txt
writing entry points to ../../build/dummy_controller/dummy_controller.egg-info/entry_points.txt
writing requirements to ../../build/dummy_controller/dummy_controller.egg-info/requires.txt
writing top-level names to ../../build/dummy_controller/dummy_controller.egg-info/top_level.txt
writing manifest file '../../build/dummy_controller/dummy_controller.egg-info/SOURCES.txt'
reading manifest file '../../build/dummy_controller/dummy_controller.egg-info/SOURCES.txt'
writing manifest file '../../build/dummy_controller/dummy_controller.egg-info/SOURCES.txt'
running build
running build_py
creating /home/li/ros2_dummy_arm/build/dummy_controller/build
creating /home/li/ros2_dummy_arm/build/dummy_controller/build/lib
creating /home/li/ros2_dummy_arm/build/dummy_controller/build/lib/dummy_controller
copying dummy_controller/moveit_server.py -> /home/li/ros2_dummy_arm/build/dummy_controller/build/lib/dummy_controller
copying dummy_controller/dummy_arm_controller.py -> /home/li/ros2_dummy_arm/build/dummy_controller/build/lib/dummy_controller
copying dummy_controller/add_collision_object.py -> /home/li/ros2_dummy_arm/build/dummy_controller/build/lib/dummy_controller
copying dummy_controller/depth_image_visualizer.py -> /home/li/ros2_dummy_arm/build/dummy_controller/build/lib/dummy_controller
copying dummy_controller/__init__.py -> /home/li/ros2_dummy_arm/build/dummy_controller/build/lib/dummy_controller
copying dummy_controller/add_collision_object_simple.py -> /home/li/ros2_dummy_arm/build/dummy_controller/build/lib/dummy_controller
creating /home/li/ros2_dummy_arm/build/dummy_controller/build/lib/dummy_controller/dummy_cli_tool
copying dummy_controller/dummy_cli_tool/__init__.py -> /home/li/ros2_dummy_arm/build/dummy_controller/build/lib/dummy_controller/dummy_cli_tool
copying dummy_controller/dummy_cli_tool/run_shell.py -> /home/li/ros2_dummy_arm/build/dummy_controller/build/lib/dummy_controller/dummy_cli_tool
creating /home/li/ros2_dummy_arm/build/dummy_controller/build/lib/dummy_controller/dummy_cli_tool/fibre
copying dummy_controller/dummy_cli_tool/fibre/udp_transport.py -> /home/li/ros2_dummy_arm/build/dummy_controller/build/lib/dummy_controller/dummy_cli_tool/fibre
copying dummy_controller/dummy_cli_tool/fibre/remote_object.py -> /home/li/ros2_dummy_arm/build/dummy_controller/build/lib/dummy_controller/dummy_cli_tool/fibre
copying dummy_controller/dummy_cli_tool/fibre/serial_transport.py -> /home/li/ros2_dummy_arm/build/dummy_controller/build/lib/dummy_controller/dummy_cli_tool/fibre
copying dummy_controller/dummy_cli_tool/fibre/utils.py -> /home/li/ros2_dummy_arm/build/dummy_controller/build/lib/dummy_controller/dummy_cli_tool/fibre
copying dummy_controller/dummy_cli_tool/fibre/discovery.py -> /home/li/ros2_dummy_arm/build/dummy_controller/build/lib/dummy_controller/dummy_cli_tool/fibre
copying dummy_controller/dummy_cli_tool/fibre/protocol.py -> /home/li/ros2_dummy_arm/build/dummy_controller/build/lib/dummy_controller/dummy_cli_tool/fibre
copying dummy_controller/dummy_cli_tool/fibre/__init__.py -> /home/li/ros2_dummy_arm/build/dummy_controller/build/lib/dummy_controller/dummy_cli_tool/fibre
copying dummy_controller/dummy_cli_tool/fibre/shell.py -> /home/li/ros2_dummy_arm/build/dummy_controller/build/lib/dummy_controller/dummy_cli_tool/fibre
copying dummy_controller/dummy_cli_tool/fibre/tcp_transport.py -> /home/li/ros2_dummy_arm/build/dummy_controller/build/lib/dummy_controller/dummy_cli_tool/fibre
copying dummy_controller/dummy_cli_tool/fibre/usbbulk_transport.py -> /home/li/ros2_dummy_arm/build/dummy_controller/build/lib/dummy_controller/dummy_cli_tool/fibre
creating /home/li/ros2_dummy_arm/build/dummy_controller/build/lib/dummy_controller/dummy_cli_tool/ref_tool
copying dummy_controller/dummy_cli_tool/ref_tool/configuration.py -> /home/li/ros2_dummy_arm/build/dummy_controller/build/lib/dummy_controller/dummy_cli_tool/ref_tool
copying dummy_controller/dummy_cli_tool/ref_tool/utils.py -> /home/li/ros2_dummy_arm/build/dummy_controller/build/lib/dummy_controller/dummy_cli_tool/ref_tool
copying dummy_controller/dummy_cli_tool/ref_tool/__init__.py -> /home/li/ros2_dummy_arm/build/dummy_controller/build/lib/dummy_controller/dummy_cli_tool/ref_tool
copying dummy_controller/dummy_cli_tool/ref_tool/shell.py -> /home/li/ros2_dummy_arm/build/dummy_controller/build/lib/dummy_controller/dummy_cli_tool/ref_tool
copying dummy_controller/dummy_cli_tool/ref_tool/code_generator.py -> /home/li/ros2_dummy_arm/build/dummy_controller/build/lib/dummy_controller/dummy_cli_tool/ref_tool
copying dummy_controller/dummy_cli_tool/ref_tool/version.py -> /home/li/ros2_dummy_arm/build/dummy_controller/build/lib/dummy_controller/dummy_cli_tool/ref_tool
running install
running install_lib
copying /home/li/ros2_dummy_arm/build/dummy_controller/build/lib/dummy_controller/dummy_arm_controller.py -> /home/li/ros2_dummy_arm/install/dummy_controller/lib/python3.10/site-packages/dummy_controller
byte-compiling /home/li/ros2_dummy_arm/install/dummy_controller/lib/python3.10/site-packages/dummy_controller/dummy_arm_controller.py to dummy_arm_controller.cpython-310.pyc
running install_data
running install_egg_info
removing '/home/li/ros2_dummy_arm/install/dummy_controller/lib/python3.10/site-packages/dummy_controller-0.0.0-py3.10.egg-info' (and everything under it)
Copying ../../build/dummy_controller/dummy_controller.egg-info to /home/li/ros2_dummy_arm/install/dummy_controller/lib/python3.10/site-packages/dummy_controller-0.0.0-py3.10.egg-info
running install_scripts
Installing add_collision_object script to /home/li/ros2_dummy_arm/install/dummy_controller/lib/dummy_controller
Installing add_collision_object_simple script to /home/li/ros2_dummy_arm/install/dummy_controller/lib/dummy_controller
Installing depth_image_visualizer script to /home/li/ros2_dummy_arm/install/dummy_controller/lib/dummy_controller
Installing dummy_arm_controller script to /home/li/ros2_dummy_arm/install/dummy_controller/lib/dummy_controller
Installing moveit_server script to /home/li/ros2_dummy_arm/install/dummy_controller/lib/dummy_controller
writing list of installed files to '/home/li/ros2_dummy_arm/build/dummy_controller/install.log'
