running egg_info
writing ../../build/dummy_controller/dummy_controller.egg-info/PKG-INFO
writing dependency_links to ../../build/dummy_controller/dummy_controller.egg-info/dependency_links.txt
writing entry points to ../../build/dummy_controller/dummy_controller.egg-info/entry_points.txt
writing requirements to ../../build/dummy_controller/dummy_controller.egg-info/requires.txt
writing top-level names to ../../build/dummy_controller/dummy_controller.egg-info/top_level.txt
reading manifest file '../../build/dummy_controller/dummy_controller.egg-info/SOURCES.txt'
writing manifest file '../../build/dummy_controller/dummy_controller.egg-info/SOURCES.txt'
running build
running build_py
copying dummy_controller/dummy_arm_controller.py -> /home/li/ros2_dummy_arm/build/dummy_controller/build/lib/dummy_controller
running install
running install_lib
copying /home/li/ros2_dummy_arm/build/dummy_controller/build/lib/dummy_controller/dummy_arm_controller.py -> /home/li/ros2_dummy_arm/install/dummy_controller/lib/python3.10/site-packages/dummy_controller
byte-compiling /home/li/ros2_dummy_arm/install/dummy_controller/lib/python3.10/site-packages/dummy_controller/dummy_arm_controller.py to dummy_arm_controller.cpython-310.pyc
running install_data
running install_egg_info
removing '/home/li/ros2_dummy_arm/install/dummy_controller/lib/python3.10/site-packages/dummy_controller-0.0.0-py3.10.egg-info' (and everything under it)
Copying ../../build/dummy_controller/dummy_controller.egg-info to /home/li/ros2_dummy_arm/install/dummy_controller/lib/python3.10/site-packages/dummy_controller-0.0.0-py3.10.egg-info
running install_scripts
Installing add_collision_object script to /home/li/ros2_dummy_arm/install/dummy_controller/lib/dummy_controller
Installing add_collision_object_simple script to /home/li/ros2_dummy_arm/install/dummy_controller/lib/dummy_controller
Installing depth_image_visualizer script to /home/li/ros2_dummy_arm/install/dummy_controller/lib/dummy_controller
Installing dummy_arm_controller script to /home/li/ros2_dummy_arm/install/dummy_controller/lib/dummy_controller
Installing moveit_server script to /home/li/ros2_dummy_arm/install/dummy_controller/lib/dummy_controller
writing list of installed files to '/home/li/ros2_dummy_arm/build/dummy_controller/install.log'
