[0.404s] Invoking command in '/home/li/ros2_dummy_arm/src/dummy_controller': PYTHONPATH=/home/li/ros2_dummy_arm/build/dummy_controller/prefix_override:/usr/lib/python3/dist-packages/colcon_core/task/python/colcon_distutils_commands:/home/li/ros2_dummy_arm/install/dummy_controller/lib/python3.10/site-packages:${PYTHONPATH} /usr/bin/python3 -W ignore:setup.py install is deprecated -W ignore:easy_install command is deprecated setup.py egg_info --egg-base ../../build/dummy_controller build --build-base /home/li/ros2_dummy_arm/build/dummy_controller/build install --record /home/li/ros2_dummy_arm/build/dummy_controller/install.log --single-version-externally-managed install_data
[0.559s] running egg_info
[0.559s] writing ../../build/dummy_controller/dummy_controller.egg-info/PKG-INFO
[0.560s] writing dependency_links to ../../build/dummy_controller/dummy_controller.egg-info/dependency_links.txt
[0.560s] writing entry points to ../../build/dummy_controller/dummy_controller.egg-info/entry_points.txt
[0.560s] writing requirements to ../../build/dummy_controller/dummy_controller.egg-info/requires.txt
[0.560s] writing top-level names to ../../build/dummy_controller/dummy_controller.egg-info/top_level.txt
[0.562s] reading manifest file '../../build/dummy_controller/dummy_controller.egg-info/SOURCES.txt'
[0.562s] writing manifest file '../../build/dummy_controller/dummy_controller.egg-info/SOURCES.txt'
[0.562s] running build
[0.562s] running build_py
[0.562s] copying dummy_controller/dummy_arm_controller.py -> /home/li/ros2_dummy_arm/build/dummy_controller/build/lib/dummy_controller
[0.563s] running install
[0.563s] running install_lib
[0.564s] copying /home/li/ros2_dummy_arm/build/dummy_controller/build/lib/dummy_controller/dummy_arm_controller.py -> /home/li/ros2_dummy_arm/install/dummy_controller/lib/python3.10/site-packages/dummy_controller
[0.565s] byte-compiling /home/li/ros2_dummy_arm/install/dummy_controller/lib/python3.10/site-packages/dummy_controller/dummy_arm_controller.py to dummy_arm_controller.cpython-310.pyc
[0.567s] running install_data
[0.567s] running install_egg_info
[0.567s] removing '/home/li/ros2_dummy_arm/install/dummy_controller/lib/python3.10/site-packages/dummy_controller-0.0.0-py3.10.egg-info' (and everything under it)
[0.568s] Copying ../../build/dummy_controller/dummy_controller.egg-info to /home/li/ros2_dummy_arm/install/dummy_controller/lib/python3.10/site-packages/dummy_controller-0.0.0-py3.10.egg-info
[0.568s] running install_scripts
[0.579s] Installing add_collision_object script to /home/li/ros2_dummy_arm/install/dummy_controller/lib/dummy_controller
[0.579s] Installing add_collision_object_simple script to /home/li/ros2_dummy_arm/install/dummy_controller/lib/dummy_controller
[0.579s] Installing depth_image_visualizer script to /home/li/ros2_dummy_arm/install/dummy_controller/lib/dummy_controller
[0.579s] Installing dummy_arm_controller script to /home/li/ros2_dummy_arm/install/dummy_controller/lib/dummy_controller
[0.579s] Installing moveit_server script to /home/li/ros2_dummy_arm/install/dummy_controller/lib/dummy_controller
[0.580s] writing list of installed files to '/home/li/ros2_dummy_arm/build/dummy_controller/install.log'
[0.593s] Invoked command in '/home/li/ros2_dummy_arm/src/dummy_controller' returned '0': PYTHONPATH=/home/li/ros2_dummy_arm/build/dummy_controller/prefix_override:/usr/lib/python3/dist-packages/colcon_core/task/python/colcon_distutils_commands:/home/li/ros2_dummy_arm/install/dummy_controller/lib/python3.10/site-packages:${PYTHONPATH} /usr/bin/python3 -W ignore:setup.py install is deprecated -W ignore:easy_install command is deprecated setup.py egg_info --egg-base ../../build/dummy_controller build --build-base /home/li/ros2_dummy_arm/build/dummy_controller/build install --record /home/li/ros2_dummy_arm/build/dummy_controller/install.log --single-version-externally-managed install_data
