/home/li/ros2_dummy_arm/install/dummy_controller/lib/python3.10/site-packages/dummy_controller/moveit_server.py
/home/li/ros2_dummy_arm/install/dummy_controller/lib/python3.10/site-packages/dummy_controller/dummy_arm_controller.py
/home/li/ros2_dummy_arm/install/dummy_controller/lib/python3.10/site-packages/dummy_controller/add_collision_object.py
/home/li/ros2_dummy_arm/install/dummy_controller/lib/python3.10/site-packages/dummy_controller/depth_image_visualizer.py
/home/li/ros2_dummy_arm/install/dummy_controller/lib/python3.10/site-packages/dummy_controller/__init__.py
/home/li/ros2_dummy_arm/install/dummy_controller/lib/python3.10/site-packages/dummy_controller/add_collision_object_simple.py
/home/li/ros2_dummy_arm/install/dummy_controller/lib/python3.10/site-packages/dummy_controller/dummy_cli_tool/__init__.py
/home/li/ros2_dummy_arm/install/dummy_controller/lib/python3.10/site-packages/dummy_controller/dummy_cli_tool/run_shell.py
/home/li/ros2_dummy_arm/install/dummy_controller/lib/python3.10/site-packages/dummy_controller/dummy_cli_tool/fibre/udp_transport.py
/home/li/ros2_dummy_arm/install/dummy_controller/lib/python3.10/site-packages/dummy_controller/dummy_cli_tool/fibre/remote_object.py
/home/li/ros2_dummy_arm/install/dummy_controller/lib/python3.10/site-packages/dummy_controller/dummy_cli_tool/fibre/serial_transport.py
/home/li/ros2_dummy_arm/install/dummy_controller/lib/python3.10/site-packages/dummy_controller/dummy_cli_tool/fibre/utils.py
/home/li/ros2_dummy_arm/install/dummy_controller/lib/python3.10/site-packages/dummy_controller/dummy_cli_tool/fibre/discovery.py
/home/li/ros2_dummy_arm/install/dummy_controller/lib/python3.10/site-packages/dummy_controller/dummy_cli_tool/fibre/protocol.py
/home/li/ros2_dummy_arm/install/dummy_controller/lib/python3.10/site-packages/dummy_controller/dummy_cli_tool/fibre/__init__.py
/home/li/ros2_dummy_arm/install/dummy_controller/lib/python3.10/site-packages/dummy_controller/dummy_cli_tool/fibre/shell.py
/home/li/ros2_dummy_arm/install/dummy_controller/lib/python3.10/site-packages/dummy_controller/dummy_cli_tool/fibre/tcp_transport.py
/home/li/ros2_dummy_arm/install/dummy_controller/lib/python3.10/site-packages/dummy_controller/dummy_cli_tool/fibre/usbbulk_transport.py
/home/li/ros2_dummy_arm/install/dummy_controller/lib/python3.10/site-packages/dummy_controller/dummy_cli_tool/ref_tool/configuration.py
/home/li/ros2_dummy_arm/install/dummy_controller/lib/python3.10/site-packages/dummy_controller/dummy_cli_tool/ref_tool/utils.py
/home/li/ros2_dummy_arm/install/dummy_controller/lib/python3.10/site-packages/dummy_controller/dummy_cli_tool/ref_tool/__init__.py
/home/li/ros2_dummy_arm/install/dummy_controller/lib/python3.10/site-packages/dummy_controller/dummy_cli_tool/ref_tool/shell.py
/home/li/ros2_dummy_arm/install/dummy_controller/lib/python3.10/site-packages/dummy_controller/dummy_cli_tool/ref_tool/code_generator.py
/home/li/ros2_dummy_arm/install/dummy_controller/lib/python3.10/site-packages/dummy_controller/dummy_cli_tool/ref_tool/version.py
/home/li/ros2_dummy_arm/install/dummy_controller/lib/python3.10/site-packages/dummy_controller/__pycache__/moveit_server.cpython-310.pyc
/home/li/ros2_dummy_arm/install/dummy_controller/lib/python3.10/site-packages/dummy_controller/__pycache__/dummy_arm_controller.cpython-310.pyc
/home/li/ros2_dummy_arm/install/dummy_controller/lib/python3.10/site-packages/dummy_controller/__pycache__/add_collision_object.cpython-310.pyc
/home/li/ros2_dummy_arm/install/dummy_controller/lib/python3.10/site-packages/dummy_controller/__pycache__/depth_image_visualizer.cpython-310.pyc
/home/li/ros2_dummy_arm/install/dummy_controller/lib/python3.10/site-packages/dummy_controller/__pycache__/__init__.cpython-310.pyc
/home/li/ros2_dummy_arm/install/dummy_controller/lib/python3.10/site-packages/dummy_controller/__pycache__/add_collision_object_simple.cpython-310.pyc
/home/li/ros2_dummy_arm/install/dummy_controller/lib/python3.10/site-packages/dummy_controller/dummy_cli_tool/__pycache__/__init__.cpython-310.pyc
/home/li/ros2_dummy_arm/install/dummy_controller/lib/python3.10/site-packages/dummy_controller/dummy_cli_tool/__pycache__/run_shell.cpython-310.pyc
/home/li/ros2_dummy_arm/install/dummy_controller/lib/python3.10/site-packages/dummy_controller/dummy_cli_tool/fibre/__pycache__/udp_transport.cpython-310.pyc
/home/li/ros2_dummy_arm/install/dummy_controller/lib/python3.10/site-packages/dummy_controller/dummy_cli_tool/fibre/__pycache__/remote_object.cpython-310.pyc
/home/li/ros2_dummy_arm/install/dummy_controller/lib/python3.10/site-packages/dummy_controller/dummy_cli_tool/fibre/__pycache__/serial_transport.cpython-310.pyc
/home/li/ros2_dummy_arm/install/dummy_controller/lib/python3.10/site-packages/dummy_controller/dummy_cli_tool/fibre/__pycache__/utils.cpython-310.pyc
/home/li/ros2_dummy_arm/install/dummy_controller/lib/python3.10/site-packages/dummy_controller/dummy_cli_tool/fibre/__pycache__/discovery.cpython-310.pyc
/home/li/ros2_dummy_arm/install/dummy_controller/lib/python3.10/site-packages/dummy_controller/dummy_cli_tool/fibre/__pycache__/protocol.cpython-310.pyc
/home/li/ros2_dummy_arm/install/dummy_controller/lib/python3.10/site-packages/dummy_controller/dummy_cli_tool/fibre/__pycache__/__init__.cpython-310.pyc
/home/li/ros2_dummy_arm/install/dummy_controller/lib/python3.10/site-packages/dummy_controller/dummy_cli_tool/fibre/__pycache__/shell.cpython-310.pyc
/home/li/ros2_dummy_arm/install/dummy_controller/lib/python3.10/site-packages/dummy_controller/dummy_cli_tool/fibre/__pycache__/tcp_transport.cpython-310.pyc
/home/li/ros2_dummy_arm/install/dummy_controller/lib/python3.10/site-packages/dummy_controller/dummy_cli_tool/fibre/__pycache__/usbbulk_transport.cpython-310.pyc
/home/li/ros2_dummy_arm/install/dummy_controller/lib/python3.10/site-packages/dummy_controller/dummy_cli_tool/ref_tool/__pycache__/configuration.cpython-310.pyc
/home/li/ros2_dummy_arm/install/dummy_controller/lib/python3.10/site-packages/dummy_controller/dummy_cli_tool/ref_tool/__pycache__/utils.cpython-310.pyc
/home/li/ros2_dummy_arm/install/dummy_controller/lib/python3.10/site-packages/dummy_controller/dummy_cli_tool/ref_tool/__pycache__/__init__.cpython-310.pyc
/home/li/ros2_dummy_arm/install/dummy_controller/lib/python3.10/site-packages/dummy_controller/dummy_cli_tool/ref_tool/__pycache__/shell.cpython-310.pyc
/home/li/ros2_dummy_arm/install/dummy_controller/lib/python3.10/site-packages/dummy_controller/dummy_cli_tool/ref_tool/__pycache__/code_generator.cpython-310.pyc
/home/li/ros2_dummy_arm/install/dummy_controller/lib/python3.10/site-packages/dummy_controller/dummy_cli_tool/ref_tool/__pycache__/version.cpython-310.pyc
/home/li/ros2_dummy_arm/install/dummy_controller/share/ament_index/resource_index/packages/dummy_controller
/home/li/ros2_dummy_arm/install/dummy_controller/share/dummy_controller/package.xml
/home/li/ros2_dummy_arm/install/dummy_controller/lib/python3.10/site-packages/dummy_controller-0.0.0-py3.10.egg-info/top_level.txt
/home/li/ros2_dummy_arm/install/dummy_controller/lib/python3.10/site-packages/dummy_controller-0.0.0-py3.10.egg-info/entry_points.txt
/home/li/ros2_dummy_arm/install/dummy_controller/lib/python3.10/site-packages/dummy_controller-0.0.0-py3.10.egg-info/PKG-INFO
/home/li/ros2_dummy_arm/install/dummy_controller/lib/python3.10/site-packages/dummy_controller-0.0.0-py3.10.egg-info/SOURCES.txt
/home/li/ros2_dummy_arm/install/dummy_controller/lib/python3.10/site-packages/dummy_controller-0.0.0-py3.10.egg-info/dependency_links.txt
/home/li/ros2_dummy_arm/install/dummy_controller/lib/python3.10/site-packages/dummy_controller-0.0.0-py3.10.egg-info/zip-safe
/home/li/ros2_dummy_arm/install/dummy_controller/lib/python3.10/site-packages/dummy_controller-0.0.0-py3.10.egg-info/requires.txt
/home/li/ros2_dummy_arm/install/dummy_controller/lib/dummy_controller/add_collision_object
/home/li/ros2_dummy_arm/install/dummy_controller/lib/dummy_controller/add_collision_object_simple
/home/li/ros2_dummy_arm/install/dummy_controller/lib/dummy_controller/depth_image_visualizer
/home/li/ros2_dummy_arm/install/dummy_controller/lib/dummy_controller/dummy_arm_controller
/home/li/ros2_dummy_arm/install/dummy_controller/lib/dummy_controller/moveit_server
